09:32:00 -!- Irssi: fe-web: [1760513499-0103] sig_listen called (use_ssl=1, handshake_done=1)
09:32:00 -!- Irssi: fe-web: [1760513499-0103] Reading from SSL channel...
09:32:00 -!- Irssi: fe-web-ssl: Attempting SSL_read (max 8192 bytes)...
09:32:00 -!- Irssi: fe-web-ssl: SSL_read returned 92
09:32:00 -!- Irssi: fe-web-ssl: Successfully read 92 bytes
09:32:00 -!- Irssi: fe-web: [1760513499-0103] SSL read returned: 92
09:32:00 -!- Irssi: fe-web: [1760513499-0103] Received 92 bytes
09:32:00 -!- Irssi: fe-web: [1760513499-0103] Processing WebSocket frames...
09:32:00 -!- Irssi: fe-web: [1760513499-0103] Decrypted message (58 bytes)
09:32:00 -!- Irssi: fe-web: [1760513499-0103] Handling network_list request
09:32:00 -!- Irssi: fe-web: [1760513499-0103] Sent network list with 13 networks
09:32:00 -!- Irssi: fe-web: [1760513499-0103] sig_listen called (use_ssl=1, handshake_done=1)
09:32:00 -!- Irssi: fe-web: [1760513499-0103] Reading from SSL channel...
09:32:00 -!- Irssi: fe-web-ssl: Attempting SSL_read (max 8192 bytes)...
09:32:00 -!- Irssi: fe-web-ssl: SSL_read returned 0
09:32:00 -!- Irssi: fe-web-ssl: SSL_read ret=0, ssl_err=1, errno=0 (Undefined error: 0), openssl_err=error:0A00042E:SSL routines::tlsv1 alert protocol version
09:32:00 -!- Irssi: fe-web-ssl: SSL_ERROR_SSL - protocol error: error:0A00042E:SSL routines::tlsv1 alert protocol version
09:32:00 -!- Irssi: fe-web: [1760513499-0103] SSL read returned: -1
09:32:00 -!- Irssi: fe-web: [1760513499-0103] Received -1 bytes
09:32:00 -!- Irssi: fe-web: [1760513499-0103] Connection error (ret=-1, errno=0: Undefined error: 0)
09:32:01 -!- Irssi: fe-web: New connection from 127.0.0.1:60044 (id: 1760513521-0122) [SSL+ENCRYPTED]
09:32:01 -!- Irssi: fe-web: [1760513521-0122] SSL handshake completed
09:32:01 -!- Irssi: fe-web: [1760513521-0122] sig_listen called (use_ssl=1, handshake_done=0)
09:32:01 -!- Irssi: fe-web: [1760513521-0122] Reading from SSL channel...
09:32:01 -!- Irssi: fe-web-ssl: Attempting SSL_read (max 8192 bytes)...
09:32:01 -!- Irssi: fe-web-ssl: SSL_read returned 244
09:32:01 -!- Irssi: fe-web-ssl: Successfully read 244 bytes
09:32:01 -!- Irssi: fe-web: [1760513521-0122] SSL read returned: 244
09:32:01 -!- Irssi: fe-web: [1760513521-0122] Received 244 bytes
09:32:01 -!- Irssi: fe-web: [1760513521-0122] Handshake not done yet, buffer len: 244
09:32:01 -!- Irssi: fe-web: [1760513521-0122] Processing handshake, buffer len: 244
09:32:01 -!- Irssi: fe-web: [1760513521-0122] ========== HANDSHAKE DATA START ==========
09:32:01 -!- Irssi: GET /?password=Pulinek1708 HTTP/1.1M
09:32:01 -!- Irssi: Sec-WebSocket-Version: 13M
09:32:01 -!- Irssi: Sec-WebSocket-Key: k2Xierb0UbVfH9or09MsoQ==M
09:32:01 -!- Irssi: Connection: UpgradeM
09:32:01 -!- Irssi: Upgrade: websocketM
09:32:01 -!- Irssi: Sec-WebSocket-Extensions: permessage-deflate; client_max_window_bitsM
09:32:01 -!- Irssi: Host: localhost:9001M
09:32:01 -!- Irssi: M

09:32:01 -!- Irssi: fe-web: [1760513521-0122] ========== HANDSHAKE DATA END ==========
09:32:01 -!- Irssi: fe-web: Password verified successfully
09:32:01 -!- Irssi: fe-web: [1760513521-0122] WebSocket key: k2Xierb0UbVfH9or09MsoQ==
09:32:01 -!- Irssi: fe-web: [1760513521-0122] Computed accept key: OayKpmy+dzKfpdBxt+NKkQK6g9w=
09:32:01 -!- Irssi: fe-web-ssl: Attempting SSL_write (129 bytes)...
09:32:01 -!- Irssi: fe-web-ssl: SSL_write returned 129
09:32:01 -!- Irssi: fe-web-ssl: Successfully wrote 129 bytes
09:32:01 -!- Irssi: fe-web: [1760513521-0122] Handshake response sent (129 bytes) [SSL]
09:32:01 -!- Irssi: fe-web: [1760513521-0122] Handshake completed successfully
09:32:01 -!- Irssi: fe-web: [1760513521-0122] Sending auth_ok message...
09:32:01 -!- Irssi: fe-web: [1760513521-0122] Sending auth_ok: {"id":"1760513521-0123","type":"auth_ok","timestamp":1760513521}
09:32:01 -!- Irssi: fe-web: [1760513521-0122] Encrypted auth_ok (64 -> 92 bytes)
09:32:01 -!- Irssi: fe-web-ssl: Attempting SSL_write (94 bytes)...
09:32:01 -!- Irssi: fe-web-ssl: SSL_write returned 94
09:32:01 -!- Irssi: fe-web-ssl: Successfully wrote 94 bytes
09:32:01 -!- Irssi: fe-web: [1760513521-0122] Sent auth_ok (94 bytes frame) [SSL] [ENCRYPTED]
09:32:01 -!- Irssi: fe-web: [1760513521-0122] Client authenticated
09:32:01 -!- Irssi: fe-web: [1760513521-0122] sig_listen called (use_ssl=1, handshake_done=1)
09:32:01 -!- Irssi: fe-web: [1760513521-0122] Reading from SSL channel...
09:32:01 -!- Irssi: fe-web-ssl: Attempting SSL_read (max 8192 bytes)...
09:32:01 -!- Irssi: fe-web-ssl: SSL_read returned 97
09:32:01 -!- Irssi: fe-web-ssl: Successfully read 97 bytes
09:32:01 -!- Irssi: fe-web: [1760513521-0122] SSL read returned: 97
09:32:01 -!- Irssi: fe-web: [1760513521-0122] Received 97 bytes
09:32:01 -!- Irssi: fe-web: [1760513521-0122] Processing WebSocket frames...
09:32:01 -!- Irssi: fe-web: [1760513521-0122] Decrypted message (63 bytes)
09:32:01 -!- Irssi: fe-web: [1760513521-0122] Dumping state (all_servers: 1)
09:32:01 -!- Irssi: fe-web: [1760513521-0122] Dumping server: IRCal
09:32:01 -!- Irssi: fe-web: [1760513521-0122] Sending state_dump: {"id":"1760513521-0124","type":"state_dump","server":"IRCal","timestamp":1760513521}
09:32:01 -!- Irssi: fe-web: [1760513521-0122] Encrypted state_dump (84 -> 112 bytes)
09:32:01 -!- Irssi: fe-web-ssl: Attempting SSL_write (114 bytes)...
09:32:01 -!- Irssi: fe-web-ssl: SSL_write returned 114
09:32:01 -!- Irssi: fe-web-ssl: Successfully wrote 114 bytes
09:32:01 -!- Irssi: fe-web: [1760513521-0122] Sent state_dump (114 bytes frame) [SSL] [ENCRYPTED]
09:32:01 -!- Irssi: fe-web: [1760513521-0122] Sending channel_join: {"id":"1760513521-0125","type":"channel_join","server":"IRCal","channel":"#irc.al","nick":"kfn","timestamp":1760513521}
09:32:01 -!- Irssi: fe-web: [1760513521-0122] Encrypted channel_join (119 -> 147 bytes)
09:32:01 -!- Irssi: fe-web-ssl: Attempting SSL_write (151 bytes)...
09:32:01 -!- Irssi: fe-web-ssl: SSL_write returned 151
09:32:01 -!- Irssi: fe-web-ssl: Successfully wrote 151 bytes
09:32:01 -!- Irssi: fe-web: [1760513521-0122] Sent channel_join (151 bytes frame) [SSL] [ENCRYPTED]
09:32:01 -!- Irssi: fe-web: [1760513521-0122] Sending nicklist: {"id":"1760513521-0126","type":"nicklist","server":"IRCal","channel":"#irc.al","text":"[{\"nick\":\"kofany\",\"prefix\":\"@\"},{\"nick\":\"kfn\",\"prefix\":\"\"}]","timestamp":1760513521}
09:32:01 -!- Irssi: fe-web: [1760513521-0122] Encrypted nicklist (187 -> 215 bytes)
09:32:01 -!- Irssi: fe-web-ssl: Attempting SSL_write (219 bytes)...
09:32:01 -!- Irssi: fe-web-ssl: SSL_write returned 219
09:32:01 -!- Irssi: fe-web-ssl: Successfully wrote 219 bytes
09:32:01 -!- Irssi: fe-web: [1760513521-0122] Sent nicklist (219 bytes frame) [SSL] [ENCRYPTED]
09:32:01 -!- Irssi: fe-web: [1760513521-0122] Sending activity_update: {"id":"1760513521-0127","type":"activity_update","server":"IRCal","channel":"#irc.al","timestamp":1760513521,"level":1}
09:32:01 -!- Irssi: fe-web: [1760513521-0122] Encrypted activity_update (119 -> 147 bytes)
09:32:01 -!- Irssi: fe-web-ssl: Attempting SSL_write (151 bytes)...
09:32:01 -!- Irssi: fe-web-ssl: SSL_write returned 151
09:32:01 -!- Irssi: fe-web-ssl: Successfully wrote 151 bytes
09:32:01 -!- Irssi: fe-web: [1760513521-0122] Sent activity_update (151 bytes frame) [SSL] [ENCRYPTED]
09:32:01 -!- Irssi: fe-web: [1760513521-0122] Sending channel_join: {"id":"1760513521-0128","type":"channel_join","server":"IRCal","channel":"#cz","nick":"kfn","timestamp":1760513521}
09:32:01 -!- Irssi: fe-web: [1760513521-0122] Encrypted channel_join (115 -> 143 bytes)
09:32:01 -!- Irssi: fe-web-ssl: Attempting SSL_write (147 bytes)...
09:32:01 -!- Irssi: fe-web-ssl: SSL_write returned 147
09:32:01 -!- Irssi: fe-web-ssl: Successfully wrote 147 bytes
09:32:01 -!- Irssi: fe-web: [1760513521-0122] Sent channel_join (147 bytes frame) [SSL] [ENCRYPTED]
09:32:01 -!- Irssi: fe-web: [1760513521-0122] Sending nicklist:
{"id":"1760513521-0129","type":"nicklist","server":"IRCal","channel":"#cz","text":"[{\"nick\":\"xyz\",\"prefix\":\"\"},{\"nick\":\"tuning\",\"prefix\":\"\"},{\"nick\":\"kill\",\"prefix\":\"\"},{\"nick\":\"kebab\",\"prefix\":\"\"},{\"nick\":\"kofany\",\"prefix\":\"\"},{\"nick\":\"irc22\",\"prefix\":\"\"},{\"nick\":\"203IAAAA1\",\"prefix\":\"\"},{\"nick\":\"for4\",\"prefix\":\"\"},{\"nick\":\"hugo\",\"prefix\":\"\"},{\"nick\":\"bolton\",\"prefix\":\"@\"},{\"nick\":\"btw\",\"prefix\":\"\"},{\"nick\":\"203IAAAAH\",\"prefix\":\"@\"},{\"nick\":\"kfn\",\"prefix\":\"\"}]","timestamp":1760513521}
09:32:01 -!- Irssi: fe-web: [1760513521-0122] Encrypted nicklist (594 -> 622 bytes)
09:32:01 -!- Irssi: fe-web-ssl: Attempting SSL_write (626 bytes)...
09:32:01 -!- Irssi: fe-web-ssl: SSL_write returned 626
09:32:01 -!- Irssi: fe-web-ssl: Successfully wrote 626 bytes
09:32:01 -!- Irssi: fe-web: [1760513521-0122] Sent nicklist (626 bytes frame) [SSL] [ENCRYPTED]
09:32:01 -!- Irssi: fe-web: [1760513521-0122] Sending activity_update: {"id":"1760513521-0130","type":"activity_update","server":"IRCal","channel":"#cz","timestamp":1760513521,"level":1}
09:32:01 -!- Irssi: fe-web: [1760513521-0122] Encrypted activity_update (115 -> 143 bytes)
09:32:01 -!- Irssi: fe-web-ssl: Attempting SSL_write (147 bytes)...
09:32:01 -!- Irssi: fe-web-ssl: SSL_write returned 147
09:32:01 -!- Irssi: fe-web-ssl: Successfully wrote 147 bytes
09:32:01 -!- Irssi: fe-web: [1760513521-0122] Sent activity_update (147 bytes frame) [SSL] [ENCRYPTED]
09:32:01 -!- Irssi: fe-web: [1760513521-0122] Sending channel_join: {"id":"1760513521-0131","type":"channel_join","server":"IRCal","channel":"#Polska","nick":"kfn","timestamp":1760513521}
09:32:01 -!- Irssi: fe-web: [1760513521-0122] Encrypted channel_join (119 -> 147 bytes)
09:32:01 -!- Irssi: fe-web-ssl: Attempting SSL_write (151 bytes)...
09:32:01 -!- Irssi: fe-web-ssl: SSL_write returned 151
09:32:01 -!- Irssi: fe-web-ssl: Successfully wrote 151 bytes
09:32:01 -!- Irssi: fe-web: [1760513521-0122] Sent channel_join (151 bytes frame) [SSL] [ENCRYPTED]
09:32:01 -!- Irssi: fe-web: [1760513521-0122] Sending nicklist:
{"id":"1760513521-0132","type":"nicklist","server":"IRCal","channel":"#Polska","text":"[{\"nick\":\"yooz\",\"prefix\":\"@\"},{\"nick\":\"kfn\",\"prefix\":\"\"},{\"nick\":\"snowek\",\"prefix\":\"\"},{\"nick\":\"mxl\",\"prefix\":\"@\"},{\"nick\":\"soltys\",\"prefix\":\"@\"},{\"nick\":\"zuy\",\"prefix\":\"+\"},{\"nick\":\"szejk\",\"prefix\":\"@\"},{\"nick\":\"LySy\",\"prefix\":\"@\"},{\"nick\":\"nosfar\",\"prefix\":\"+\"},{\"nick\":\"[N]\",\"prefix\":\"\"},{\"nick\":\"golisz\",\"prefix\":\"\"},{\"nick\":\"tro\",\"prefix\":\"\"},{\"nick\":\"juen\",\"prefix\":\"+\"},{\"nick\":\"adrael5\",\"prefix\":\"\"},{\"nick\":\"makumba\",\"prefix\":\"@\"},{\"nick\":\"oper1t\",\"prefix\":\"@\"},{\"nick\":\"DkrTremos\",\"prefix\":\"\"},{\"nick\":\"operit\",\"prefix\":\"@\"},{\"nick\":\"Jasiu\",\"prefix\":\"+\"},{\"nick\":\"zielu_\",\"prefix\":\"\"},{\"nick\":\"d4n\",\"prefix\":\"\"},{\"nick\":\"iBot_\",\"prefix\":\"\"},{\"nick\":\"KroY\",\"prefix\":\"@\"},{\"nick\":\"soczek\",\"prefix\":\"@\"}]","timestamp":1760513521}
09:32:01 -!- Irssi: fe-web: [1760513521-0122] Encrypted nicklist (1015 -> 1043 bytes)
09:32:01 -!- Irssi: fe-web-ssl: Attempting SSL_write (1047 bytes)...
09:32:01 -!- Irssi: fe-web-ssl: SSL_write returned 1047
09:32:01 -!- Irssi: fe-web-ssl: Successfully wrote 1047 bytes
09:32:01 -!- Irssi: fe-web: [1760513521-0122] Sent nicklist (1047 bytes frame) [SSL] [ENCRYPTED]
09:32:01 -!- Irssi: fe-web: [1760513521-0122] Sending activity_update: {"id":"1760513521-0133","type":"activity_update","server":"IRCal","channel":"#Polska","timestamp":1760513521,"level":1}
09:32:01 -!- Irssi: fe-web: [1760513521-0122] Encrypted activity_update (119 -> 147 bytes)
09:32:01 -!- Irssi: fe-web-ssl: Attempting SSL_write (151 bytes)...
09:32:01 -!- Irssi: fe-web-ssl: SSL_write returned 151
09:32:01 -!- Irssi: fe-web-ssl: Successfully wrote 151 bytes
09:32:01 -!- Irssi: fe-web: [1760513521-0122] Sent activity_update (151 bytes frame) [SSL] [ENCRYPTED]
09:32:01 -!- Irssi: fe-web: [1760513521-0122] Dumped 1 servers
09:32:01 -!- Irssi: fe-web: [1760513521-0122] sig_listen called (use_ssl=1, handshake_done=1)
09:32:01 -!- Irssi: fe-web: [1760513521-0122] Reading from SSL channel...
09:32:01 -!- Irssi: fe-web-ssl: Attempting SSL_read (max 8192 bytes)...
09:32:01 -!- Irssi: fe-web-ssl: SSL_read returned 118
09:32:01 -!- Irssi: fe-web-ssl: Successfully read 118 bytes
09:32:01 -!- Irssi: fe-web: [1760513521-0122] SSL read returned: 118
09:32:01 -!- Irssi: fe-web: [1760513521-0122] Received 118 bytes
09:32:01 -!- Irssi: fe-web: [1760513521-0122] Processing WebSocket frames...
09:32:01 -!- Irssi: fe-web: [1760513521-0122] Decrypted message (84 bytes)
09:32:01 -!- Irssi: fe-web: [1760513521-0122] Received mark_read: target=#irc.al server=IRCal
09:32:01 -!- Irssi: fe-web: Activity HILIGHT SKIPPED for #irc.al on IRCal (window level=0, being cleared)
09:32:01 -!- Irssi: fe-web: Activity UPDATE for #irc.al on IRCal (level=1, old=0)
09:32:01 -!- Irssi: fe-web: [1760513521-0122] Sending activity_update: {"id":"1760513521-0134","type":"activity_update","server":"IRCal","channel":"#irc.al","timestamp":1760513521,"level":1}
09:32:01 -!- Irssi: fe-web: [1760513521-0122] Encrypted activity_update (119 -> 147 bytes)
09:32:01 -!- Irssi: fe-web-ssl: Attempting SSL_write (151 bytes)...
09:32:01 -!- Irssi: fe-web-ssl: SSL_write returned 151
09:32:01 -!- Irssi: fe-web-ssl: Successfully wrote 151 bytes
09:32:01 -!- Irssi: fe-web: [1760513521-0122] Sent activity_update (151 bytes frame) [SSL] [ENCRYPTED]
09:32:01 -!- Irssi: fe-web: [1760513521-0122] Marked #irc.al as read (cleared activity only)
09:32:01 -!- Irssi: fe-web: [1760513521-0122] sig_listen called (use_ssl=1, handshake_done=1)
09:32:01 -!- Irssi: fe-web: [1760513521-0122] Reading from SSL channel...
09:32:01 -!- Irssi: fe-web-ssl: Attempting SSL_read (max 8192 bytes)...
09:32:01 -!- Irssi: fe-web-ssl: SSL_read returned 118
09:32:01 -!- Irssi: fe-web-ssl: Successfully read 118 bytes
09:32:01 -!- Irssi: fe-web: [1760513521-0122] SSL read returned: 118
09:32:01 -!- Irssi: fe-web: [1760513521-0122] Received 118 bytes
09:32:01 -!- Irssi: fe-web: [1760513521-0122] Processing WebSocket frames...
09:32:01 -!- Irssi: fe-web: [1760513521-0122] Decrypted message (84 bytes)
09:32:01 -!- Irssi: fe-web: [1760513521-0122] Received mark_read: target=#irc.al server=IRCal
09:32:01 -!- Irssi: fe-web: Activity HILIGHT SKIPPED for #irc.al on IRCal (window level=0, being cleared)
09:32:01 -!- Irssi: fe-web: Activity UPDATE for #irc.al on IRCal (level=1, old=0)
09:32:01 -!- Irssi: fe-web: [1760513521-0122] Sending activity_update: {"id":"1760513521-0135","type":"activity_update","server":"IRCal","channel":"#irc.al","timestamp":1760513521,"level":1}
09:32:01 -!- Irssi: fe-web: [1760513521-0122] Encrypted activity_update (119 -> 147 bytes)
09:32:01 -!- Irssi: fe-web-ssl: Attempting SSL_write (151 bytes)...
09:32:01 -!- Irssi: fe-web-ssl: SSL_write returned 151
09:32:01 -!- Irssi: fe-web-ssl: Successfully wrote 151 bytes
09:32:01 -!- Irssi: fe-web: [1760513521-0122] Sent activity_update (151 bytes frame) [SSL] [ENCRYPTED]
09:32:01 -!- Irssi: fe-web: [1760513521-0122] Marked #irc.al as read (cleared activity only)
09:32:01 -!- Irssi: fe-web: [1760513521-0122] sig_listen called (use_ssl=1, handshake_done=1)
09:32:01 -!- Irssi: fe-web: [1760513521-0122] Reading from SSL channel...
09:32:01 -!- Irssi: fe-web-ssl: Attempting SSL_read (max 8192 bytes)...
09:32:01 -!- Irssi: fe-web-ssl: SSL_read returned 114
09:32:01 -!- Irssi: fe-web-ssl: Successfully read 114 bytes
09:32:01 -!- Irssi: fe-web: [1760513521-0122] SSL read returned: 114
09:32:01 -!- Irssi: fe-web: [1760513521-0122] Received 114 bytes
09:32:01 -!- Irssi: fe-web: [1760513521-0122] Processing WebSocket frames...
09:32:01 -!- Irssi: fe-web: [1760513521-0122] Decrypted message (80 bytes)
09:32:01 -!- Irssi: fe-web: [1760513521-0122] Received mark_read: target=#cz server=IRCal
09:32:01 -!- Irssi: fe-web: Activity HILIGHT SKIPPED for #cz on IRCal (window level=0, being cleared)
09:32:01 -!- Irssi: fe-web: Activity UPDATE for #cz on IRCal (level=1, old=0)
09:32:01 -!- Irssi: fe-web: [1760513521-0122] Sending activity_update: {"id":"1760513521-0136","type":"activity_update","server":"IRCal","channel":"#cz","timestamp":1760513521,"level":1}
09:32:01 -!- Irssi: fe-web: [1760513521-0122] Encrypted activity_update (115 -> 143 bytes)
09:32:01 -!- Irssi: fe-web-ssl: Attempting SSL_write (147 bytes)...
09:32:01 -!- Irssi: fe-web-ssl: SSL_write returned 147
09:32:01 -!- Irssi: fe-web-ssl: Successfully wrote 147 bytes
09:32:01 -!- Irssi: fe-web: [1760513521-0122] Sent activity_update (147 bytes frame) [SSL] [ENCRYPTED]
09:32:01 -!- Irssi: fe-web: [1760513521-0122] Marked #cz as read (cleared activity only)
09:32:01 -!- Irssi: fe-web: [1760513521-0122] sig_listen called (use_ssl=1, handshake_done=1)
09:32:01 -!- Irssi: fe-web: [1760513521-0122] Reading from SSL channel...
09:32:01 -!- Irssi: fe-web-ssl: Attempting SSL_read (max 8192 bytes)...
09:32:01 -!- Irssi: fe-web-ssl: SSL_read returned 114
09:32:01 -!- Irssi: fe-web-ssl: Successfully read 114 bytes
09:32:01 -!- Irssi: fe-web: [1760513521-0122] SSL read returned: 114
09:32:01 -!- Irssi: fe-web: [1760513521-0122] Received 114 bytes
09:32:01 -!- Irssi: fe-web: [1760513521-0122] Processing WebSocket frames...
09:32:01 -!- Irssi: fe-web: [1760513521-0122] Decrypted message (80 bytes)
09:32:01 -!- Irssi: fe-web: [1760513521-0122] Received mark_read: target=#cz server=IRCal
09:32:01 -!- Irssi: fe-web: Activity HILIGHT SKIPPED for #cz on IRCal (window level=0, being cleared)
09:32:01 -!- Irssi: fe-web: Activity UPDATE for #cz on IRCal (level=1, old=0)
09:32:01 -!- Irssi: fe-web: [1760513521-0122] Sending activity_update: {"id":"1760513521-0137","type":"activity_update","server":"IRCal","channel":"#cz","timestamp":1760513521,"level":1}
09:32:01 -!- Irssi: fe-web: [1760513521-0122] Encrypted activity_update (115 -> 143 bytes)
09:32:01 -!- Irssi: fe-web-ssl: Attempting SSL_write (147 bytes)...
09:32:01 -!- Irssi: fe-web-ssl: SSL_write returned 147
09:32:01 -!- Irssi: fe-web-ssl: Successfully wrote 147 bytes
09:32:01 -!- Irssi: fe-web: [1760513521-0122] Sent activity_update (147 bytes frame) [SSL] [ENCRYPTED]
09:32:01 -!- Irssi: fe-web: [1760513521-0122] Marked #cz as read (cleared activity only)
09:32:01 -!- Irssi: fe-web: [1760513521-0122] sig_listen called (use_ssl=1, handshake_done=1)
09:32:01 -!- Irssi: fe-web: [1760513521-0122] Reading from SSL channel...
09:32:01 -!- Irssi: fe-web-ssl: Attempting SSL_read (max 8192 bytes)...
09:32:01 -!- Irssi: fe-web-ssl: SSL_read returned 118
09:32:01 -!- Irssi: fe-web-ssl: Successfully read 118 bytes
09:32:01 -!- Irssi: fe-web: [1760513521-0122] SSL read returned: 118
09:32:01 -!- Irssi: fe-web: [1760513521-0122] Received 118 bytes
09:32:01 -!- Irssi: fe-web: [1760513521-0122] Processing WebSocket frames...
09:32:01 -!- Irssi: fe-web: [1760513521-0122] Decrypted message (84 bytes)
09:32:01 -!- Irssi: fe-web: [1760513521-0122] Received mark_read: target=#Polska server=IRCal
09:32:01 -!- Irssi: fe-web: Activity HILIGHT SKIPPED for #polska on IRCal (window level=0, being cleared)
09:32:01 -!- Irssi: fe-web: Activity UPDATE for #polska on IRCal (level=1, old=0)
09:32:01 -!- Irssi: fe-web: [1760513521-0122] Sending activity_update: {"id":"1760513521-0138","type":"activity_update","server":"IRCal","channel":"#polska","timestamp":1760513521,"level":1}
09:32:01 -!- Irssi: fe-web: [1760513521-0122] Encrypted activity_update (119 -> 147 bytes)
09:32:01 -!- Irssi: fe-web-ssl: Attempting SSL_write (151 bytes)...
09:32:01 -!- Irssi: fe-web-ssl: SSL_write returned 151
09:32:01 -!- Irssi: fe-web-ssl: Successfully wrote 151 bytes
09:32:01 -!- Irssi: fe-web: [1760513521-0122] Sent activity_update (151 bytes frame) [SSL] [ENCRYPTED]
09:32:01 -!- Irssi: fe-web: [1760513521-0122] Marked #Polska as read (cleared activity only)
09:32:01 -!- Irssi: fe-web: [1760513521-0122] sig_listen called (use_ssl=1, handshake_done=1)
09:32:01 -!- Irssi: fe-web: [1760513521-0122] Reading from SSL channel...
09:32:01 -!- Irssi: fe-web-ssl: Attempting SSL_read (max 8192 bytes)...
09:32:01 -!- Irssi: fe-web-ssl: SSL_read returned 118
09:32:01 -!- Irssi: fe-web-ssl: Successfully read 118 bytes
09:32:01 -!- Irssi: fe-web: [1760513521-0122] SSL read returned: 118
09:32:01 -!- Irssi: fe-web: [1760513521-0122] Received 118 bytes
09:32:01 -!- Irssi: fe-web: [1760513521-0122] Processing WebSocket frames...
09:32:01 -!- Irssi: fe-web: [1760513521-0122] Decrypted message (84 bytes)
09:32:01 -!- Irssi: fe-web: [1760513521-0122] Received mark_read: target=#Polska server=IRCal
09:32:01 -!- Irssi: fe-web: Activity HILIGHT SKIPPED for #polska on IRCal (window level=0, being cleared)
09:32:01 -!- Irssi: fe-web: Activity UPDATE for #polska on IRCal (level=1, old=0)
09:32:01 -!- Irssi: fe-web: [1760513521-0122] Sending activity_update: {"id":"1760513521-0139","type":"activity_update","server":"IRCal","channel":"#polska","timestamp":1760513521,"level":1}
09:32:01 -!- Irssi: fe-web: [1760513521-0122] Encrypted activity_update (119 -> 147 bytes)
09:32:01 -!- Irssi: fe-web-ssl: Attempting SSL_write (151 bytes)...
09:32:01 -!- Irssi: fe-web-ssl: SSL_write returned 151
09:32:01 -!- Irssi: fe-web-ssl: Successfully wrote 151 bytes
09:32:01 -!- Irssi: fe-web: [1760513521-0122] Sent activity_update (151 bytes frame) [SSL] [ENCRYPTED]
09:32:01 -!- Irssi: fe-web: [1760513521-0122] Marked #Polska as read (cleared activity only)
