19:07:58 -!- Irssi: fe-web: [1760461678-0003] Encrypted nicklist (13606 -> 13634 bytes)
19:07:58 -!- Irssi: fe-web-ssl: Attempting SSL_write (13638 bytes)...
19:07:58 -!- Irssi: fe-web-ssl: SSL_write returned 13638
19:07:58 -!- Irssi: fe-web-ssl: Successfully wrote 13638 bytes
19:07:58 -!- Irssi: fe-web: [1760461678-0003] Sent nicklist (13638 bytes frame) [SSL] [ENCRYPTED]
19:07:58 -!- Irssi: fe-web: [1760461678-0003] Sending activity_update: {"id":"1760461678-0019","type":"activity_update","server":"IRCnet","channel":"#polska","timestamp":1760461678,"level":2}
19:07:58 -!- Irssi: fe-web: [1760461678-0003] Encrypted activity_update (120 -> 148 bytes)
19:07:58 -!- Irssi: fe-web-ssl: Attempting SSL_write (152 bytes)...
19:07:58 -!- Irssi: fe-web-ssl: SSL_write returned 152
19:07:58 -!- Irssi: fe-web-ssl: Successfully wrote 152 bytes
19:07:58 -!- Irssi: fe-web: [1760461678-0003] Sent activity_update (152 bytes frame) [SSL] [ENCRYPTED]
19:07:58 -!- Irssi: fe-web: [1760461678-0003] Dumped 2 servers
19:08:09 -!- Irssi: fe-web: [1760461678-0003] sig_listen called (use_ssl=1, handshake_done=1)
19:08:09 -!- Irssi: fe-web: [1760461678-0003] Reading from SSL channel...
19:08:09 -!- Irssi: fe-web-ssl: Attempting SSL_read (max 8192 bytes)...
19:08:09 -!- Irssi: fe-web-ssl: SSL_read returned 115
19:08:09 -!- Irssi: fe-web-ssl: Successfully read 115 bytes
19:08:09 -!- Irssi: fe-web: [1760461678-0003] SSL read returned: 115
19:08:09 -!- Irssi: fe-web: [1760461678-0003] Received 115 bytes
19:08:09 -!- Irssi: fe-web: [1760461678-0003] Processing WebSocket frames...
19:08:09 -!- Irssi: fe-web: [1760461678-0003] Decrypted message (81 bytes)
19:08:09 -!- Irssi: fe-web: [1760461678-0003] Received mark_read: target=IRCal server=IRCal
19:08:09 -!- Irssi: fe-web: [1760461678-0003] ERROR: Target IRCal not found
19:08:28 -!- Irssi: fe-web: [1760461678-0003] sig_listen called (use_ssl=1, handshake_done=1)
19:08:28 -!- Irssi: fe-web: [1760461678-0003] Reading from SSL channel...
19:08:28 -!- Irssi: fe-web-ssl: Attempting SSL_read (max 8192 bytes)...
19:08:28 -!- Irssi: fe-web-ssl: SSL_read returned 75
19:08:28 -!- Irssi: fe-web-ssl: Successfully read 75 bytes
19:08:28 -!- Irssi: fe-web: [1760461678-0003] SSL read returned: 75
19:08:28 -!- Irssi: fe-web: [1760461678-0003] Received 75 bytes
19:08:28 -!- Irssi: fe-web: [1760461678-0003] Processing WebSocket frames...
19:08:28 -!- Irssi: fe-web: [1760461678-0003] Decrypted message (41 bytes)
19:08:28 -!- Irssi: fe-web: [1760461678-0003] Sending pong: {"id":"1760461708-0020","type":"pong","response_to":"ping-1760461708869","timestamp":1760461708}
19:08:28 -!- Irssi: fe-web: [1760461678-0003] Encrypted pong (96 -> 124 bytes)
19:08:28 -!- Irssi: fe-web-ssl: Attempting SSL_write (126 bytes)...
19:08:28 -!- Irssi: fe-web-ssl: SSL_write returned 126
19:08:28 -!- Irssi: fe-web-ssl: Successfully wrote 126 bytes
19:08:28 -!- Irssi: fe-web: [1760461678-0003] Sent pong (126 bytes frame) [SSL] [ENCRYPTED]
19:08:32 -!- Irssi: fe-web: [1760461678-0003] sig_listen called (use_ssl=1, handshake_done=1)
19:08:32 -!- Irssi: fe-web: [1760461678-0003] Reading from SSL channel...
19:08:32 -!- Irssi: fe-web-ssl: Attempting SSL_read (max 8192 bytes)...
19:08:32 -!- Irssi: fe-web-ssl: SSL_read returned 117
19:08:32 -!- Irssi: fe-web-ssl: Successfully read 117 bytes
19:08:32 -!- Irssi: fe-web: [1760461678-0003] SSL read returned: 117
19:08:32 -!- Irssi: fe-web: [1760461678-0003] Received 117 bytes
19:08:32 -!- Irssi: fe-web: [1760461678-0003] Processing WebSocket frames...
19:08:32 -!- Irssi: fe-web: [1760461678-0003] Decrypted message (83 bytes)
19:08:32 -!- Irssi: fe-web: [1760461678-0003] Received mark_read: target=#Polska server=IRCal
19:08:32 -!- Irssi: fe-web: sig_window_changed() called (new=, old=)
19:08:32 -!- Irssi: fe-web: Window CHANGED to #polska on IRCal (data_level=1)
19:08:32 -!- Irssi: fe-web: Window CHANGED - clearing activity for #polska on IRCal (was level=1)
19:08:32 -!- Irssi: fe-web: [1760461678-0003] Sending activity_update: {"id":"1760461712-0021","type":"activity_update","server":"IRCal","channel":"#polska","timestamp":1760461712,"level":0}
19:08:32 -!- Irssi: fe-web: [1760461678-0003] Encrypted activity_update (119 -> 147 bytes)
19:08:32 -!- Irssi: fe-web-ssl: Attempting SSL_write (151 bytes)...
19:08:32 -!- Irssi: fe-web-ssl: SSL_write returned 151
19:08:32 -!- Irssi: fe-web-ssl: Successfully wrote 151 bytes
19:08:32 -!- Irssi: fe-web: [1760461678-0003] Sent activity_update (151 bytes frame) [SSL] [ENCRYPTED]
19:08:32 -!- Irssi: fe-web: Activity HILIGHT SKIPPED for #polska on IRCal (window level=0, being cleared)
19:08:32 -!- Irssi: fe-web: Activity UPDATE for #polska on IRCal (level=1, old=1)
19:08:32 -!- Irssi: fe-web: [1760461678-0003] Sending activity_update: {"id":"1760461712-0022","type":"activity_update","server":"IRCal","channel":"#polska","timestamp":1760461712,"level":1}
19:08:32 -!- Irssi: fe-web: [1760461678-0003] Encrypted activity_update (119 -> 147 bytes)
19:08:32 -!- Irssi: fe-web-ssl: Attempting SSL_write (151 bytes)...
19:08:32 -!- Irssi: fe-web-ssl: SSL_write returned 151
19:08:32 -!- Irssi: fe-web-ssl: Successfully wrote 151 bytes
19:08:32 -!- Irssi: fe-web: [1760461678-0003] Sent activity_update (151 bytes frame) [SSL] [ENCRYPTED]
19:08:32 -!- Irssi: fe-web: Activity HILIGHT SKIPPED for #polska on IRCal (window level=0, being cleared)
19:08:32 -!- Irssi: fe-web: Activity UPDATE for #polska on IRCal (level=0, old=0)
19:08:32 -!- Irssi: fe-web: [1760461678-0003] Sending activity_update: {"id":"1760461712-0023","type":"activity_update","server":"IRCal","channel":"#polska","timestamp":1760461712,"level":0}
19:08:32 -!- Irssi: fe-web: [1760461678-0003] Encrypted activity_update (119 -> 147 bytes)
19:08:32 -!- Irssi: fe-web-ssl: Attempting SSL_write (151 bytes)...
19:08:32 -!- Irssi: fe-web-ssl: SSL_write returned 151
19:08:32 -!- Irssi: fe-web-ssl: Successfully wrote 151 bytes
19:08:32 -!- Irssi: fe-web: [1760461678-0003] Sent activity_update (151 bytes frame) [SSL] [ENCRYPTED]
19:08:32 -!- Irssi: fe-web: [1760461678-0003] Marked #Polska as read (switched to window)
19:08:35 -!- Irssi: fe-web: [1760461678-0003] sig_listen called (use_ssl=1, handshake_done=1)
19:08:35 -!- Irssi: fe-web: [1760461678-0003] Reading from SSL channel...
19:08:35 -!- Irssi: fe-web-ssl: Attempting SSL_read (max 8192 bytes)...
19:08:35 -!- Irssi: fe-web-ssl: SSL_read returned 118
19:08:35 -!- Irssi: fe-web-ssl: Successfully read 118 bytes
19:08:35 -!- Irssi: fe-web: [1760461678-0003] SSL read returned: 118
19:08:35 -!- Irssi: fe-web: [1760461678-0003] Received 118 bytes
19:08:35 -!- Irssi: fe-web: [1760461678-0003] Processing WebSocket frames...
19:08:35 -!- Irssi: fe-web: [1760461678-0003] Decrypted message (84 bytes)
19:08:35 -!- Irssi: fe-web: [1760461678-0003] Received mark_read: target=#polska server=IRCnet
19:08:35 -!- Irssi: fe-web: sig_window_changed() called (new=, old=)
19:08:35 -!- Irssi: fe-web: Window CHANGED to #polska on IRCnet (data_level=2)
19:08:35 -!- Irssi: fe-web: Window CHANGED - clearing activity for #polska on IRCnet (was level=2)
19:08:35 -!- Irssi: fe-web: [1760461678-0003] Sending activity_update: {"id":"1760461715-0024","type":"activity_update","server":"IRCnet","channel":"#polska","timestamp":1760461715,"level":0}
19:08:35 -!- Irssi: fe-web: [1760461678-0003] Encrypted activity_update (120 -> 148 bytes)
19:08:35 -!- Irssi: fe-web-ssl: Attempting SSL_write (152 bytes)...
19:08:35 -!- Irssi: fe-web-ssl: SSL_write returned 152
19:08:35 -!- Irssi: fe-web-ssl: Successfully wrote 152 bytes
19:08:35 -!- Irssi: fe-web: [1760461678-0003] Sent activity_update (152 bytes frame) [SSL] [ENCRYPTED]
19:08:35 -!- Irssi: fe-web: Activity HILIGHT SKIPPED for #polska on IRCnet (window level=0, being cleared)
19:08:35 -!- Irssi: fe-web: Activity UPDATE for #polska on IRCnet (level=2, old=2)
19:08:35 -!- Irssi: fe-web: [1760461678-0003] Sending activity_update: {"id":"1760461715-0025","type":"activity_update","server":"IRCnet","channel":"#polska","timestamp":1760461715,"level":2}
19:08:35 -!- Irssi: fe-web: [1760461678-0003] Encrypted activity_update (120 -> 148 bytes)
19:08:35 -!- Irssi: fe-web-ssl: Attempting SSL_write (152 bytes)...
19:08:35 -!- Irssi: fe-web-ssl: SSL_write returned 152
19:08:35 -!- Irssi: fe-web-ssl: Successfully wrote 152 bytes
19:08:35 -!- Irssi: fe-web: [1760461678-0003] Sent activity_update (152 bytes frame) [SSL] [ENCRYPTED]
19:08:35 -!- Irssi: fe-web: Activity HILIGHT SKIPPED for #polska on IRCnet (window level=0, being cleared)
19:08:35 -!- Irssi: fe-web: Activity UPDATE for #polska on IRCnet (level=0, old=0)
19:08:35 -!- Irssi: fe-web: [1760461678-0003] Sending activity_update: {"id":"1760461715-0026","type":"activity_update","server":"IRCnet","channel":"#polska","timestamp":1760461715,"level":0}
19:08:35 -!- Irssi: fe-web: [1760461678-0003] Encrypted activity_update (120 -> 148 bytes)
19:08:35 -!- Irssi: fe-web-ssl: Attempting SSL_write (152 bytes)...
19:08:35 -!- Irssi: fe-web-ssl: SSL_write returned 152
19:08:35 -!- Irssi: fe-web-ssl: Successfully wrote 152 bytes
19:08:35 -!- Irssi: fe-web: [1760461678-0003] Sent activity_update (152 bytes frame) [SSL] [ENCRYPTED]
19:08:35 -!- Irssi: fe-web: [1760461678-0003] Marked #polska as read (switched to window)
19:08:38 -!- Irssi: fe-web: [1760461678-0003] sig_listen called (use_ssl=1, handshake_done=1)
19:08:38 -!- Irssi: fe-web: [1760461678-0003] Reading from SSL channel...
19:08:38 -!- Irssi: fe-web-ssl: Attempting SSL_read (max 8192 bytes)...
19:08:38 -!- Irssi: fe-web-ssl: SSL_read returned 117
19:08:38 -!- Irssi: fe-web-ssl: Successfully read 117 bytes
19:08:38 -!- Irssi: fe-web: [1760461678-0003] SSL read returned: 117
19:08:38 -!- Irssi: fe-web: [1760461678-0003] Received 117 bytes
19:08:38 -!- Irssi: fe-web: [1760461678-0003] Processing WebSocket frames...
19:08:38 -!- Irssi: fe-web: [1760461678-0003] Decrypted message (83 bytes)
19:08:38 -!- Irssi: fe-web: [1760461678-0003] Received mark_read: target=#irc.al server=IRCal
19:08:38 -!- Irssi: fe-web: sig_window_changed() called (new=, old=)
19:08:38 -!- Irssi: fe-web: Window CHANGED to #irc.al on IRCal (data_level=1)
19:08:38 -!- Irssi: fe-web: Window CHANGED - clearing activity for #irc.al on IRCal (was level=1)
19:08:38 -!- Irssi: fe-web: [1760461678-0003] Sending activity_update: {"id":"1760461718-0027","type":"activity_update","server":"IRCal","channel":"#irc.al","timestamp":1760461718,"level":0}
19:08:38 -!- Irssi: fe-web: [1760461678-0003] Encrypted activity_update (119 -> 147 bytes)
19:08:38 -!- Irssi: fe-web-ssl: Attempting SSL_write (151 bytes)...
19:08:38 -!- Irssi: fe-web-ssl: SSL_write returned 151
19:08:38 -!- Irssi: fe-web-ssl: Successfully wrote 151 bytes
19:08:38 -!- Irssi: fe-web: [1760461678-0003] Sent activity_update (151 bytes frame) [SSL] [ENCRYPTED]
19:08:38 -!- Irssi: fe-web: Activity HILIGHT SKIPPED for #irc.al on IRCal (window level=0, being cleared)
19:08:38 -!- Irssi: fe-web: Activity UPDATE for #irc.al on IRCal (level=1, old=1)
19:08:38 -!- Irssi: fe-web: [1760461678-0003] Sending activity_update: {"id":"1760461718-0028","type":"activity_update","server":"IRCal","channel":"#irc.al","timestamp":1760461718,"level":1}
19:08:38 -!- Irssi: fe-web: [1760461678-0003] Encrypted activity_update (119 -> 147 bytes)
19:08:38 -!- Irssi: fe-web-ssl: Attempting SSL_write (151 bytes)...
19:08:38 -!- Irssi: fe-web-ssl: SSL_write returned 151
19:08:38 -!- Irssi: fe-web-ssl: Successfully wrote 151 bytes
19:08:38 -!- Irssi: fe-web: [1760461678-0003] Sent activity_update (151 bytes frame) [SSL] [ENCRYPTED]
19:08:38 -!- Irssi: fe-web: Activity HILIGHT SKIPPED for #irc.al on IRCal (window level=0, being cleared)
19:08:38 -!- Irssi: fe-web: Activity UPDATE for #irc.al on IRCal (level=0, old=0)
19:08:38 -!- Irssi: fe-web: [1760461678-0003] Sending activity_update: {"id":"1760461718-0029","type":"activity_update","server":"IRCal","channel":"#irc.al","timestamp":1760461718,"level":0}
19:08:38 -!- Irssi: fe-web: [1760461678-0003] Encrypted activity_update (119 -> 147 bytes)
19:08:38 -!- Irssi: fe-web-ssl: Attempting SSL_write (151 bytes)...
19:08:38 -!- Irssi: fe-web-ssl: SSL_write returned 151
19:08:38 -!- Irssi: fe-web-ssl: Successfully wrote 151 bytes
19:08:38 -!- Irssi: fe-web: [1760461678-0003] Sent activity_update (151 bytes frame) [SSL] [ENCRYPTED]
19:08:38 -!- Irssi: fe-web: [1760461678-0003] Marked #irc.al as read (switched to window)
19:08:39 -!- Irssi: fe-web: [1760461678-0003] sig_listen called (use_ssl=1, handshake_done=1)
19:08:39 -!- Irssi: fe-web: [1760461678-0003] Reading from SSL channel...
19:08:39 -!- Irssi: fe-web-ssl: Attempting SSL_read (max 8192 bytes)...
19:08:39 -!- Irssi: fe-web-ssl: SSL_read returned 118
19:08:39 -!- Irssi: fe-web-ssl: Successfully read 118 bytes
19:08:39 -!- Irssi: fe-web: [1760461678-0003] SSL read returned: 118
19:08:39 -!- Irssi: fe-web: [1760461678-0003] Received 118 bytes
19:08:39 -!- Irssi: fe-web: [1760461678-0003] Processing WebSocket frames...
19:08:39 -!- Irssi: fe-web: [1760461678-0003] Decrypted message (84 bytes)
19:08:39 -!- Irssi: fe-web: [1760461678-0003] Received mark_read: target=#polska server=IRCnet
19:08:39 -!- Irssi: fe-web: sig_window_changed() called (new=, old=)
19:08:39 -!- Irssi: fe-web: Window CHANGED to #polska on IRCnet (data_level=0)
19:08:39 -!- Irssi: fe-web: Window CHANGED - no activity to clear (level=0)
19:08:39 -!- Irssi: fe-web: Activity HILIGHT SKIPPED for #polska on IRCnet (window level=0, being cleared)
19:08:39 -!- Irssi: fe-web: Activity UPDATE for #polska on IRCnet (level=0, old=0)
19:08:39 -!- Irssi: fe-web: [1760461678-0003] Sending activity_update: {"id":"1760461719-0030","type":"activity_update","server":"IRCnet","channel":"#polska","timestamp":1760461719,"level":0}
19:08:39 -!- Irssi: fe-web: [1760461678-0003] Encrypted activity_update (120 -> 148 bytes)
19:08:39 -!- Irssi: fe-web-ssl: Attempting SSL_write (152 bytes)...
19:08:39 -!- Irssi: fe-web-ssl: SSL_write returned 152
19:08:39 -!- Irssi: fe-web-ssl: Successfully wrote 152 bytes
19:08:39 -!- Irssi: fe-web: [1760461678-0003] Sent activity_update (152 bytes frame) [SSL] [ENCRYPTED]
19:08:39 -!- Irssi: fe-web: [1760461678-0003] Marked #polska as read (switched to window)
19:08:41 -!- Irssi: fe-web: [1760461678-0003] sig_listen called (use_ssl=1, handshake_done=1)
19:08:41 -!- Irssi: fe-web: [1760461678-0003] Reading from SSL channel...
19:08:41 -!- Irssi: fe-web-ssl: Attempting SSL_read (max 8192 bytes)...
19:08:41 -!- Irssi: fe-web-ssl: SSL_read returned 123
19:08:41 -!- Irssi: fe-web-ssl: Successfully read 123 bytes
19:08:41 -!- Irssi: fe-web: [1760461678-0003] SSL read returned: 123
19:08:41 -!- Irssi: fe-web: [1760461678-0003] Received 123 bytes
19:08:41 -!- Irssi: fe-web: [1760461678-0003] Processing WebSocket frames...
19:08:41 -!- Irssi: fe-web: [1760461678-0003] Decrypted message (89 bytes)
19:08:41 -!- Irssi: fe-web: [1760461678-0003] Received command: /part #polska (server: IRCnet)
19:08:41 -!- Irssi: fe-web: [1760461678-0003] Assigned server IRCnet for command
19:08:41 -!- Irssi: fe-web: [1760461678-0003] Executing command on server IRCnet: /part #polska
19:08:41 -!- Irssi: fe-web: [1760461678-0003] Command signal emitted
19:08:41 -!- Irssi: fe-web: [1760461678-0003] Sending channel_part: {"id":"1760461721-0031","type":"channel_part","server":"IRCnet","channel":"#polska","nick":"kfn","timestamp":1760461721,"extra":{"hostname":"~kfn@2a02:2454:8577:d300:65b5:d5b0:2e46:ce44"}}
19:08:41 -!- Irssi: fe-web: [1760461678-0003] Encrypted channel_part (188 -> 216 bytes)
19:08:41 -!- Irssi: fe-web-ssl: Attempting SSL_write (220 bytes)...
19:08:41 -!- Irssi: fe-web-ssl: SSL_write returned 220
19:08:41 -!- Irssi: fe-web-ssl: Successfully wrote 220 bytes
19:08:41 -!- Irssi: fe-web: [1760461678-0003] Sent channel_part (220 bytes frame) [SSL] [ENCRYPTED]
19:08:41 -!- Irssi: fe-web: [1760461678-0003] Sending nicklist_update: {"id":"1760461721-0032","type":"nicklist_update","server":"IRCnet","channel":"#polska","nick":"kfn","task":"remove","timestamp":1760461721}
19:08:41 -!- Irssi: fe-web: [1760461678-0003] Encrypted nicklist_update (139 -> 167 bytes)
19:08:41 -!- Irssi: fe-web-ssl: Attempting SSL_write (171 bytes)...
19:08:41 -!- Irssi: fe-web-ssl: SSL_write returned 171
19:08:41 -!- Irssi: fe-web-ssl: Successfully wrote 171 bytes
19:08:41 -!- Irssi: fe-web: [1760461678-0003] Sent nicklist_update (171 bytes frame) [SSL] [ENCRYPTED]
19:08:41 -!- Irssi: fe-web: Channel window closed: #polska on IRCnet
19:08:41 -!- Irssi: fe-web: [1760461678-0003] Sending channel_part: {"id":"1760461721-0033","type":"channel_part","server":"IRCnet","channel":"#polska","nick":"kfn","timestamp":1760461721}
19:08:41 -!- Irssi: fe-web: [1760461678-0003] Encrypted channel_part (120 -> 148 bytes)
19:08:41 -!- Irssi: fe-web-ssl: Attempting SSL_write (152 bytes)...
19:08:41 -!- Irssi: fe-web-ssl: SSL_write returned 152
19:08:41 -!- Irssi: fe-web-ssl: Successfully wrote 152 bytes
19:08:41 -!- Irssi: fe-web: [1760461678-0003] Sent channel_part (152 bytes frame) [SSL] [ENCRYPTED]
19:08:41 -!- Irssi: fe-web: sig_window_changed() called (new=, old=)
19:08:41 -!- Irssi: fe-web: Window CHANGED to #irc.al on IRCal (data_level=0)
19:08:41 -!- Irssi: fe-web: Window CHANGED - no activity to clear (level=0)
19:08:41 -!- Irssi: fe-web: Window destroyed: refnum=5
19:08:46 -!- Irssi: Module fe_web/ is not loaded
19:08:48 -!- Irssi: fe-web: sig_window_changed() called (new=, old=)
19:08:48 -!- Irssi: fe-web: Window CHANGED - skipped (no active item)
19:08:58 -!- Irssi: fe-web: [1760461678-0003] sig_listen called (use_ssl=1, handshake_done=1)
19:08:58 -!- Irssi: fe-web: [1760461678-0003] Reading from SSL channel...
19:08:58 -!- Irssi: fe-web-ssl: Attempting SSL_read (max 8192 bytes)...
19:08:58 -!- Irssi: fe-web-ssl: SSL_read returned 75
19:08:58 -!- Irssi: fe-web-ssl: Successfully read 75 bytes
19:08:58 -!- Irssi: fe-web: [1760461678-0003] SSL read returned: 75
19:08:58 -!- Irssi: fe-web: [1760461678-0003] Received 75 bytes
19:08:58 -!- Irssi: fe-web: [1760461678-0003] Processing WebSocket frames...
19:08:58 -!- Irssi: fe-web: [1760461678-0003] Decrypted message (41 bytes)
19:08:58 -!- Irssi: fe-web: [1760461678-0003] Sending pong: {"id":"1760461738-0034","type":"pong","response_to":"ping-1760461738868","timestamp":1760461738}
19:08:58 -!- Irssi: fe-web: [1760461678-0003] Encrypted pong (96 -> 124 bytes)
19:08:58 -!- Irssi: fe-web-ssl: Attempting SSL_write (126 bytes)...
19:08:58 -!- Irssi: fe-web-ssl: SSL_write returned 126
19:08:58 -!- Irssi: fe-web-ssl: Successfully wrote 126 bytes
19:08:58 -!- Irssi: fe-web: [1760461678-0003] Sent pong (126 bytes frame) [SSL] [ENCRYPTED]
19:08:59 -!- Irssi: Module fe-web/ is not loaded
19:09:13 -!- Irssi: Module fe/web/ is not loaded
19:09:21 -!- Irssi: Unloaded module web/fe
19:09:21 -!- Irssi: fe-web: WebSocket server stopped
19:09:21 -!- Irssi: fe-web-ssl: SSL/TLS cleaned up
19:09:21 -!- Irssi: fe-web-crypto: Encryption deinitialized
