[FeWebSocket] Received message, type: binary, length: 190
[FeWebSocket] Decrypting binary message (190 bytes)...
[FeWebSocket] Decrypted message: {"id":"1760448747-0053","type":"message","server":"IRCnet","channel":"#polska","nick":"yooz","text":"no hejka o/","timestamp":1760448747,"level":4,"is_own":false}
[FeWebSocket] Received: {
  id: '1760448747-0053',
  type: 'message',
  server: 'IRCnet',
  channel: '#polska',
  nick: 'yooz',
  text: 'no hejka o/',
  timestamp: 1760448747,
  level: 4,
  is_own: false
}
[FeWebSocket] Calling 1 handler(s) for type: message
2025-10-14 13:32:27 [DEBUG] [IrssiClient] Message: no hejka o/
[FeWebSocket] Received message, type: binary, length: 181
[FeWebSocket] Decrypting binary message (181 bytes)...
[FeWebSocket] Decrypted message: {"id":"1760448748-0054","type":"message","server":"IRCnet","channel":"#polska","nick":"yooz","text":"[;","timestamp":1760448748,"level":4,"is_own":false}
[FeWebSocket] Received: {
  id: '1760448748-0054',
  type: 'message',
  server: 'IRCnet',
  channel: '#polska',
  nick: 'yooz',
  text: '[;',
  timestamp: 1760448748,
  level: 4,
  is_own: false
}
[FeWebSocket] Calling 1 handler(s) for type: message
2025-10-14 13:32:28 [DEBUG] [IrssiClient] Message: [;
[FeWebSocket] Received message, type: binary, length: 192
[FeWebSocket] Decrypting binary message (192 bytes)...
[FeWebSocket] Decrypted message: {"id":"1760448751-0055","type":"message","server":"IRCnet","channel":"#polska","nick":"kofany`","text":"slkdjfhsjk","timestamp":1760448751,"level":4,"is_own":false}
[FeWebSocket] Received: {
  id: '1760448751-0055',
  type: 'message',
  server: 'IRCnet',
  channel: '#polska',
  nick: 'kofany`',
  text: 'slkdjfhsjk',
  timestamp: 1760448751,
  level: 4,
  is_own: false
}
[FeWebSocket] Calling 1 handler(s) for type: message
2025-10-14 13:32:31 [DEBUG] [IrssiClient] Message: slkdjfhsjk
[FeWebSocket] Received message, type: binary, length: 215
[FeWebSocket] Decrypting binary message (215 bytes)...
[FeWebSocket] Decrypted message: {"id":"1760448752-0056","type":"user_quit","server":"liberachat","nick":"jessegreathouse","text":"Quit: bye","timestamp":1760448752,"extra":{"hostname":"~jessegrea@user/jessegreathouse"}}
[FeWebSocket] Received: {
  id: '1760448752-0056',
  type: 'user_quit',
  server: 'liberachat',
  nick: 'jessegreathouse',
  text: 'Quit: bye',
  timestamp: 1760448752,
  extra: { hostname: '~jessegrea@user/jessegreathouse' }
}
[FeWebSocket] Calling 1 handler(s) for type: user_quit
2025-10-14 13:32:32 [DEBUG] [IrssiClient] Message: Quit: bye
[FeWebSocket] Received message, type: binary, length: 183
[FeWebSocket] Decrypting binary message (183 bytes)...
[FeWebSocket] Decrypted message: {"id":"1760448752-0057","type":"nicklist_update","server":"liberachat","channel":"#libera","nick":"jessegreathouse","task":"remove","timestamp":1760448752}
[FeWebSocket] Received: {
  id: '1760448752-0057',
  type: 'nicklist_update',
  server: 'liberachat',
  channel: '#libera',
  nick: 'jessegreathouse',
  task: 'remove',
  timestamp: 1760448752
}
[FeWebSocket] Calling 1 handler(s) for type: nicklist_update
2025-10-14 13:32:32 [DEBUG] [FeWebAdapter] handleNicklistUpdate: server=liberachat, channel=#libera, nick=jessegreathouse, task=remove
2025-10-14 13:32:32 [DEBUG] [FeWebAdapter] Removed user jessegreathouse from #libera
2025-10-14 13:32:32 [DEBUG] [IrssiClient] Nicklist update: 8 (1768 users)
[FeWebSocket] Received message, type: binary, length: 197
[FeWebSocket] Decrypting binary message (197 bytes)...
[FeWebSocket] Decrypted message: {"id":"1760448757-0058","type":"message","server":"IRCnet","channel":"#polska","nick":"zuy","text":"jeszcze kofany na k","timestamp":1760448757,"level":4,"is_own":false}
[FeWebSocket] Received: {
  id: '1760448757-0058',
  type: 'message',
  server: 'IRCnet',
  channel: '#polska',
  nick: 'zuy',
  text: 'jeszcze kofany na k',
  timestamp: 1760448757,
  level: 4,
  is_own: false
}
[FeWebSocket] Calling 1 handler(s) for type: message
2025-10-14 13:32:37 [DEBUG] [IrssiClient] Message: jeszcze kofany na k
[FeWebSocket] Received message, type: binary, length: 199
[FeWebSocket] Decrypting binary message (199 bytes)...
[FeWebSocket] Decrypted message: {"id":"1760448759-0059","type":"message","server":"IRCnet","channel":"#polska","nick":"yooz","text":"i tobie tez terefere","timestamp":1760448759,"level":4,"is_own":false}
[FeWebSocket] Received: {
  id: '1760448759-0059',
  type: 'message',
  server: 'IRCnet',
  channel: '#polska',
  nick: 'yooz',
  text: 'i tobie tez terefere',
  timestamp: 1760448759,
  level: 4,
  is_own: false
}
[FeWebSocket] Calling 1 handler(s) for type: message
2025-10-14 13:32:39 [DEBUG] [IrssiClient] Message: i tobie tez terefere
[FeWebSocket] Received message, type: binary, length: 181
[FeWebSocket] Decrypting binary message (181 bytes)...
[FeWebSocket] Decrypted message: {"id":"1760448763-0060","type":"message","server":"IRCnet","channel":"#polska","nick":"yooz","text":"[;","timestamp":1760448763,"level":4,"is_own":false}
[FeWebSocket] Received: {
  id: '1760448763-0060',
  type: 'message',
  server: 'IRCnet',
  channel: '#polska',
  nick: 'yooz',
  text: '[;',
  timestamp: 1760448763,
  level: 4,
  is_own: false
}
[FeWebSocket] Calling 1 handler(s) for type: message
2025-10-14 13:32:43 [DEBUG] [IrssiClient] Message: [;
[FeWebSocket] Received message, type: binary, length: 201
[FeWebSocket] Decrypting binary message (201 bytes)...
[FeWebSocket] Decrypted message: {"id":"1760448769-0061","type":"message","server":"IRCnet","channel":"#polska","nick":"yooz","text":"kofany i komisarze ...","timestamp":1760448769,"level":4,"is_own":false}
[FeWebSocket] Received: {
  id: '1760448769-0061',
  type: 'message',
  server: 'IRCnet',
  channel: '#polska',
  nick: 'yooz',
  text: 'kofany i komisarze ...',
  timestamp: 1760448769,
  level: 4,
  is_own: false
}
[FeWebSocket] Calling 1 handler(s) for type: message
2025-10-14 13:32:49 [DEBUG] [IrssiClient] Message: kofany i komisarze ...
[FeWebSocket] Sending: {"type":"ping","id":"ping-1760448772339"}
[FeWebSocket] Received message, type: binary, length: 124
[FeWebSocket] Decrypting binary message (124 bytes)...
[FeWebSocket] Decrypted message: {"id":"1760448772-0062","type":"pong","response_to":"ping-1760448772339","timestamp":1760448772}
[FeWebSocket] Received: {
  id: '1760448772-0062',
  type: 'pong',
  response_to: 'ping-1760448772339',
  timestamp: 1760448772
}
[FeWebSocket] Calling 1 handler(s) for type: pong
2025-10-14 13:32:52 [DEBUG] [FeWebAdapter] Received pong
2025-10-14 13:33:05 [INFO] Logging in irssi user kfn...
2025-10-14 13:33:05 [INFO] User kfn logging in...
2025-10-14 13:33:05 [INFO] irssi password decrypted for user kfn
2025-10-14 13:33:05 [INFO] Message storage encryption key already exists (from autoconnect)
2025-10-14 13:33:05 [INFO] Message storage already enabled (from autoconnect)
2025-10-14 13:33:05 [WARN] User kfn already connected to irssi
2025-10-14 13:33:05 [INFO] User kfn logged in successfully
2025-10-14 13:33:05 [INFO] User kfn: browser attached (s97KUTQ2a6zieH21AAAB), total: 1
2025-10-14 13:33:05 [INFO] User kfn: sending init to new browser s97KUTQ2a6zieH21AAAB (3 networks)
2025-10-14 13:33:05 [INFO] [IrssiClient] ⏰ TIMING: sendInitialState() START for socket s97KUTQ2a6zieH21AAAB
2025-10-14 13:33:05 [INFO] [IrssiClient] Loading messages from storage for 3 networks...
2025-10-14 13:33:05 [INFO] Browser s97KUTQ2a6zieH21AAAB attached to irssi user kfn
2025-10-14 13:33:05 [DEBUG] [IrssiClient] Loaded 0 messages for IRCal/IRCal
2025-10-14 13:33:05 [DEBUG] [IrssiClient] Loaded 0 messages for IRCal/#irc.al
2025-10-14 13:33:05 [DEBUG] [IrssiClient] Loaded 0 messages for IRCal/#cz
2025-10-14 13:33:05 [DEBUG] [IrssiClient] Loaded 0 messages for IRCal/#Polska
2025-10-14 13:33:05 [DEBUG] [IrssiClient] Loaded 0 messages for IRCnet/IRCnet
2025-10-14 13:33:05 [DEBUG] [IrssiClient] Loaded 13 messages for IRCnet/#polska
2025-10-14 13:33:05 [DEBUG] [IrssiClient] Loaded 0 messages for liberachat/liberachat
2025-10-14 13:33:05 [DEBUG] [IrssiClient] Loaded 6 messages for liberachat/#libera
2025-10-14 13:33:05 [INFO] [IrssiClient] ⏰ TIMING: sendInitialState() SENT init event for socket s97KUTQ2a6zieH21AAAB with 3 networks
2025-10-14 13:33:05 [DEBUG] [IrssiClient] Sent names for channel 2 (2 users) in init
2025-10-14 13:33:05 [DEBUG] [IrssiClient] Sent names for channel 3 (12 users) in init
2025-10-14 13:33:05 [DEBUG] [IrssiClient] Sent names for channel 4 (24 users) in init
2025-10-14 13:33:05 [DEBUG] [IrssiClient] Sent names for channel 6 (358 users) in init
2025-10-14 13:33:05 [DEBUG] [IrssiClient] Sent names for channel 8 (1768 users) in init
2025-10-14 13:33:05 [DEBUG] [IrssiClient] Sent activity_update for channel 6 (unread=1, level=2) in init
2025-10-14 13:33:05 [DEBUG] [IrssiClient] Sent activity_update for channel 8 (unread=1, level=1) in init
2025-10-14 13:33:05 [INFO] User kfn: sent initial state to browser s97KUTQ2a6zieH21AAAB
2025-10-14 13:33:05 [DEBUG] [IrssiClient] Marked as read: network-1760448682341-s8h0xqbzq/IRCal
[FeWebSocket] Sending: {"type":"mark_read","server":"IRCal","target":"IRCal","id":"msg-1760448785593-2"}
2025-10-14 13:33:09 [DEBUG] [IrssiClient] Marked as read: network-1760448682351-2eo7mh541/#polska
[FeWebSocket] Sending: {"type":"mark_read","server":"IRCnet","target":"#polska","id":"msg-1760448789673-3"}
[FeWebSocket] Received message, type: binary, length: 148
[FeWebSocket] Decrypting binary message (148 bytes)...
[FeWebSocket] Decrypted message: {"id":"1760448789-0063","type":"activity_update","server":"IRCnet","channel":"#polska","timestamp":1760448789,"level":0}
[FeWebSocket] Received: {
  id: '1760448789-0063',
  type: 'activity_update',
  server: 'IRCnet',
  channel: '#polska',
  timestamp: 1760448789,
  level: 0
}
2025-10-14 13:33:09 [DEBUG] [IrssiClient] Activity update: IRCnet/#polska level=0 unread=0
2025-10-14 13:33:09 [DEBUG] [IrssiClient] Broadcasting activity_update to 1 browser(s): chan=6 unread=0 highlight=0
[FeWebSocket] No handlers registered for message type: activity_update
2025-10-14 13:33:12 [DEBUG] [IrssiClient] Marked as read: network-1760448682354-tdk0v7tce/#libera
[FeWebSocket] Sending: {"type":"mark_read","server":"liberachat","target":"#libera","id":"msg-1760448792040-4"}
[FeWebSocket] Received message, type: binary, length: 152
[FeWebSocket] Decrypting binary message (152 bytes)...
[FeWebSocket] Decrypted message: {"id":"1760448792-0064","type":"activity_update","server":"liberachat","channel":"#libera","timestamp":1760448792,"level":0}
[FeWebSocket] Received: {
  id: '1760448792-0064',
  type: 'activity_update',
  server: 'liberachat',
  channel: '#libera',
  timestamp: 1760448792,
  level: 0
}
2025-10-14 13:33:12 [DEBUG] [IrssiClient] Activity update: liberachat/#libera level=0 unread=0
2025-10-14 13:33:12 [DEBUG] [IrssiClient] Broadcasting activity_update to 1 browser(s): chan=8 unread=0 highlight=0
[FeWebSocket] No handlers registered for message type: activity_update
2025-10-14 13:33:15 [DEBUG] [IrssiClient] Marked as read: network-1760448682341-s8h0xqbzq/#irc.al
[FeWebSocket] Sending: {"type":"mark_read","server":"IRCal","target":"#irc.al","id":"msg-1760448795012-5"}
[FeWebSocket] Received message, type: binary, length: 147
[FeWebSocket] Decrypting binary message (147 bytes)...
[FeWebSocket] Decrypted message: {"id":"1760448795-0065","type":"activity_update","server":"IRCal","channel":"#irc.al","timestamp":1760448795,"level":0}
[FeWebSocket] Received: {
  id: '1760448795-0065',
  type: 'activity_update',
  server: 'IRCal',
  channel: '#irc.al',
  timestamp: 1760448795,
  level: 0
}
2025-10-14 13:33:15 [DEBUG] [IrssiClient] Activity update: IRCal/#irc.al level=0 unread=0
2025-10-14 13:33:15 [DEBUG] [IrssiClient] Broadcasting activity_update to 1 browser(s): chan=2 unread=0 highlight=0
[FeWebSocket] No handlers registered for message type: activity_update
2025-10-14 13:33:20 [DEBUG] [IrssiClient] Marked as read: network-1760448682351-2eo7mh541/#polska
[FeWebSocket] Sending: {"type":"mark_read","server":"IRCnet","target":"#polska","id":"msg-1760448800388-6"}
[FeWebSocket] Received message, type: binary, length: 148
[FeWebSocket] Decrypting binary message (148 bytes)...
[FeWebSocket] Decrypted message: {"id":"1760448800-0066","type":"activity_update","server":"IRCnet","channel":"#polska","timestamp":1760448800,"level":0}
[FeWebSocket] Received: {
  id: '1760448800-0066',
  type: 'activity_update',
  server: 'IRCnet',
  channel: '#polska',
  timestamp: 1760448800,
  level: 0
}
2025-10-14 13:33:20 [DEBUG] [IrssiClient] Activity update: IRCnet/#polska level=0 unread=0
2025-10-14 13:33:20 [DEBUG] [IrssiClient] Broadcasting activity_update to 1 browser(s): chan=6 unread=0 highlight=0
[FeWebSocket] No handlers registered for message type: activity_update
2025-10-14 13:33:22 [DEBUG] [IrssiClient] Marked as read: network-1760448682354-tdk0v7tce/#libera
[FeWebSocket] Sending: {"type":"mark_read","server":"liberachat","target":"#libera","id":"msg-1760448802162-7"}
[FeWebSocket] Received message, type: binary, length: 152
[FeWebSocket] Decrypting binary message (152 bytes)...
[FeWebSocket] Decrypted message: {"id":"1760448802-0067","type":"activity_update","server":"liberachat","channel":"#libera","timestamp":1760448802,"level":0}
[FeWebSocket] Received: {
  id: '1760448802-0067',
  type: 'activity_update',
  server: 'liberachat',
  channel: '#libera',
  timestamp: 1760448802,
  level: 0
}
2025-10-14 13:33:22 [DEBUG] [IrssiClient] Activity update: liberachat/#libera level=0 unread=0
2025-10-14 13:33:22 [DEBUG] [IrssiClient] Broadcasting activity_update to 1 browser(s): chan=8 unread=0 highlight=0
[FeWebSocket] No handlers registered for message type: activity_update
[FeWebSocket] Sending: {"type":"ping","id":"ping-1760448802338"}
[FeWebSocket] Received message, type: binary, length: 124
[FeWebSocket] Decrypting binary message (124 bytes)...
[FeWebSocket] Decrypted message: {"id":"1760448802-0068","type":"pong","response_to":"ping-1760448802338","timestamp":1760448802}
[FeWebSocket] Received: {
  id: '1760448802-0068',
  type: 'pong',
  response_to: 'ping-1760448802338',
  timestamp: 1760448802
}
[FeWebSocket] Calling 1 handler(s) for type: pong
2025-10-14 13:33:22 [DEBUG] [FeWebAdapter] Received pong
2025-10-14 13:33:24 [DEBUG] [IrssiClient] Marked as read: network-1760448682351-2eo7mh541/#polska
[FeWebSocket] Sending: {"type":"mark_read","server":"IRCnet","target":"#polska","id":"msg-1760448804625-8"}
[FeWebSocket] Received message, type: binary, length: 148
[FeWebSocket] Decrypting binary message (148 bytes)...
[FeWebSocket] Decrypted message: {"id":"1760448804-0069","type":"activity_update","server":"IRCnet","channel":"#polska","timestamp":1760448804,"level":0}
[FeWebSocket] Received: {
